[2026-06-27 13:20:59] production.ERROR: Uncaught Exception: The /Users/filippocalabrese/Documents/GitHub/selli-ui-library-livewire/bootstrap/cache directory must be present and writable. in /Users/filippocalabrese/Documents/GitHub/selli-ui-library-livewire/vendor/laravel/framework/src/Illuminate/Foundation/PackageManifest.php:179
Stack trace:
#0 /Users/filippocalabrese/Documents/GitHub/selli-ui-library-livewire/vendor/orchestra/testbench-core/src/Foundation/PackageManifest.php(158): Illuminate\Foundation\PackageManifest->write(Array)
#1 /Users/filippocalabrese/Documents/GitHub/selli-ui-library-livewire/vendor/laravel/framework/src/Illuminate/Foundation/PackageManifest.php(132): Orchestra\Testbench\Foundation\PackageManifest->write(Array)
#2 /Users/filippocalabrese/Documents/GitHub/selli-ui-library-livewire/vendor/laravel/framework/src/Illuminate/Foundation/PackageManifest.php(108): Illuminate\Foundation\PackageManifest->build()
#3 /Users/filippocalabrese/Documents/GitHub/selli-ui-library-livewire/vendor/orchestra/testbench-core/src/Foundation/PackageManifest.php(103): Illuminate\Foundation\PackageManifest->getManifest()
#4 /Users/filippocalabrese/Documents/GitHub/selli-ui-library-livewire/vendor/laravel/framework/src/Illuminate/Foundation/PackageManifest.php(90): Orchestra\Testbench\Foundation\PackageManifest->getManifest()
#5 /Users/filippocalabrese/Documents/GitHub/selli-ui-library-livewire/vendor/laravel/framework/src/Illuminate/Foundation/PackageManifest.php(79): Illuminate\Foundation\PackageManifest->config('aliases')
#6 /Users/filippocalabrese/Documents/GitHub/selli-ui-library-livewire/vendor/laravel/framework/src/Illuminate/Foundation/Bootstrap/RegisterFacades.php(26): Illuminate\Foundation\PackageManifest->aliases()
#7 /Users/filippocalabrese/Documents/GitHub/selli-ui-library-livewire/vendor/orchestra/testbench-core/src/Concerns/CreatesApplication.php(532): Illuminate\Foundation\Bootstrap\RegisterFacades->bootstrap(Object(Illuminate\Foundation\Application))
#8 /Users/filippocalabrese/Documents/GitHub/selli-ui-library-livewire/vendor/orchestra/testbench-core/src/Concerns/CreatesApplication.php(287): Orchestra\Testbench\Foundation\Application->resolveApplicationBootstrappers(Object(Illuminate\Foundation\Application))
#9 Command line code(3): Orchestra\Testbench\Foundation\Application->createApplication()
#10 {main}
  thrown {"exception":"[object] (Symfony\\Component\\ErrorHandler\\Error\\FatalError(code: 0): Uncaught Exception: The /Users/filippocalabrese/Documents/GitHub/selli-ui-library-livewire/bootstrap/cache directory must be present and writable. in /Users/filippocalabrese/Documents/GitHub/selli-ui-library-livewire/vendor/laravel/framework/src/Illuminate/Foundation/PackageManifest.php:179
Stack trace:
#0 /Users/filippocalabrese/Documents/GitHub/selli-ui-library-livewire/vendor/orchestra/testbench-core/src/Foundation/PackageManifest.php(158): Illuminate\\Foundation\\PackageManifest->write(Array)
#1 /Users/filippocalabrese/Documents/GitHub/selli-ui-library-livewire/vendor/laravel/framework/src/Illuminate/Foundation/PackageManifest.php(132): Orchestra\\Testbench\\Foundation\\PackageManifest->write(Array)
#2 /Users/filippocalabrese/Documents/GitHub/selli-ui-library-livewire/vendor/laravel/framework/src/Illuminate/Foundation/PackageManifest.php(108): Illuminate\\Foundation\\PackageManifest->build()
#3 /Users/filippocalabrese/Documents/GitHub/selli-ui-library-livewire/vendor/orchestra/testbench-core/src/Foundation/PackageManifest.php(103): Illuminate\\Foundation\\PackageManifest->getManifest()
#4 /Users/filippocalabrese/Documents/GitHub/selli-ui-library-livewire/vendor/laravel/framework/src/Illuminate/Foundation/PackageManifest.php(90): Orchestra\\Testbench\\Foundation\\PackageManifest->getManifest()
#5 /Users/filippocalabrese/Documents/GitHub/selli-ui-library-livewire/vendor/laravel/framework/src/Illuminate/Foundation/PackageManifest.php(79): Illuminate\\Foundation\\PackageManifest->config('aliases')
#6 /Users/filippocalabrese/Documents/GitHub/selli-ui-library-livewire/vendor/laravel/framework/src/Illuminate/Foundation/Bootstrap/RegisterFacades.php(26): Illuminate\\Foundation\\PackageManifest->aliases()
#7 /Users/filippocalabrese/Documents/GitHub/selli-ui-library-livewire/vendor/orchestra/testbench-core/src/Concerns/CreatesApplication.php(532): Illuminate\\Foundation\\Bootstrap\\RegisterFacades->bootstrap(Object(Illuminate\\Foundation\\Application))
#8 /Users/filippocalabrese/Documents/GitHub/selli-ui-library-livewire/vendor/orchestra/testbench-core/src/Concerns/CreatesApplication.php(287): Orchestra\\Testbench\\Foundation\\Application->resolveApplicationBootstrappers(Object(Illuminate\\Foundation\\Application))
#9 Command line code(3): Orchestra\\Testbench\\Foundation\\Application->createApplication()
#10 {main}
  thrown at /Users/filippocalabrese/Documents/GitHub/selli-ui-library-livewire/vendor/laravel/framework/src/Illuminate/Foundation/PackageManifest.php:179)
[stacktrace]
#0 {main}
"} 
[2026-06-27 13:21:05] production.ERROR: Uncaught Exception: The /Users/filippocalabrese/Documents/GitHub/selli-ui-library-livewire/bootstrap/cache directory must be present and writable. in /Users/filippocalabrese/Documents/GitHub/selli-ui-library-livewire/vendor/laravel/framework/src/Illuminate/Foundation/PackageManifest.php:179
Stack trace:
#0 /Users/filippocalabrese/Documents/GitHub/selli-ui-library-livewire/vendor/orchestra/testbench-core/src/Foundation/PackageManifest.php(158): Illuminate\Foundation\PackageManifest->write(Array)
#1 /Users/filippocalabrese/Documents/GitHub/selli-ui-library-livewire/vendor/laravel/framework/src/Illuminate/Foundation/PackageManifest.php(132): Orchestra\Testbench\Foundation\PackageManifest->write(Array)
#2 /Users/filippocalabrese/Documents/GitHub/selli-ui-library-livewire/vendor/laravel/framework/src/Illuminate/Foundation/PackageManifest.php(108): Illuminate\Foundation\PackageManifest->build()
#3 /Users/filippocalabrese/Documents/GitHub/selli-ui-library-livewire/vendor/orchestra/testbench-core/src/Foundation/PackageManifest.php(103): Illuminate\Foundation\PackageManifest->getManifest()
#4 /Users/filippocalabrese/Documents/GitHub/selli-ui-library-livewire/vendor/laravel/framework/src/Illuminate/Foundation/PackageManifest.php(90): Orchestra\Testbench\Foundation\PackageManifest->getManifest()
#5 /Users/filippocalabrese/Documents/GitHub/selli-ui-library-livewire/vendor/laravel/framework/src/Illuminate/Foundation/PackageManifest.php(79): Illuminate\Foundation\PackageManifest->config('aliases')
#6 /Users/filippocalabrese/Documents/GitHub/selli-ui-library-livewire/vendor/laravel/framework/src/Illuminate/Foundation/Bootstrap/RegisterFacades.php(26): Illuminate\Foundation\PackageManifest->aliases()
#7 /Users/filippocalabrese/Documents/GitHub/selli-ui-library-livewire/vendor/orchestra/testbench-core/src/Concerns/CreatesApplication.php(532): Illuminate\Foundation\Bootstrap\RegisterFacades->bootstrap(Object(Illuminate\Foundation\Application))
#8 /Users/filippocalabrese/Documents/GitHub/selli-ui-library-livewire/vendor/orchestra/testbench-core/src/Concerns/CreatesApplication.php(287): Orchestra\Testbench\Foundation\Application->resolveApplicationBootstrappers(Object(Illuminate\Foundation\Application))
#9 Command line code(3): Orchestra\Testbench\Foundation\Application->createApplication()
#10 {main}
  thrown {"exception":"[object] (Symfony\\Component\\ErrorHandler\\Error\\FatalError(code: 0): Uncaught Exception: The /Users/filippocalabrese/Documents/GitHub/selli-ui-library-livewire/bootstrap/cache directory must be present and writable. in /Users/filippocalabrese/Documents/GitHub/selli-ui-library-livewire/vendor/laravel/framework/src/Illuminate/Foundation/PackageManifest.php:179
Stack trace:
#0 /Users/filippocalabrese/Documents/GitHub/selli-ui-library-livewire/vendor/orchestra/testbench-core/src/Foundation/PackageManifest.php(158): Illuminate\\Foundation\\PackageManifest->write(Array)
#1 /Users/filippocalabrese/Documents/GitHub/selli-ui-library-livewire/vendor/laravel/framework/src/Illuminate/Foundation/PackageManifest.php(132): Orchestra\\Testbench\\Foundation\\PackageManifest->write(Array)
#2 /Users/filippocalabrese/Documents/GitHub/selli-ui-library-livewire/vendor/laravel/framework/src/Illuminate/Foundation/PackageManifest.php(108): Illuminate\\Foundation\\PackageManifest->build()
#3 /Users/filippocalabrese/Documents/GitHub/selli-ui-library-livewire/vendor/orchestra/testbench-core/src/Foundation/PackageManifest.php(103): Illuminate\\Foundation\\PackageManifest->getManifest()
#4 /Users/filippocalabrese/Documents/GitHub/selli-ui-library-livewire/vendor/laravel/framework/src/Illuminate/Foundation/PackageManifest.php(90): Orchestra\\Testbench\\Foundation\\PackageManifest->getManifest()
#5 /Users/filippocalabrese/Documents/GitHub/selli-ui-library-livewire/vendor/laravel/framework/src/Illuminate/Foundation/PackageManifest.php(79): Illuminate\\Foundation\\PackageManifest->config('aliases')
#6 /Users/filippocalabrese/Documents/GitHub/selli-ui-library-livewire/vendor/laravel/framework/src/Illuminate/Foundation/Bootstrap/RegisterFacades.php(26): Illuminate\\Foundation\\PackageManifest->aliases()
#7 /Users/filippocalabrese/Documents/GitHub/selli-ui-library-livewire/vendor/orchestra/testbench-core/src/Concerns/CreatesApplication.php(532): Illuminate\\Foundation\\Bootstrap\\RegisterFacades->bootstrap(Object(Illuminate\\Foundation\\Application))
#8 /Users/filippocalabrese/Documents/GitHub/selli-ui-library-livewire/vendor/orchestra/testbench-core/src/Concerns/CreatesApplication.php(287): Orchestra\\Testbench\\Foundation\\Application->resolveApplicationBootstrappers(Object(Illuminate\\Foundation\\Application))
#9 Command line code(3): Orchestra\\Testbench\\Foundation\\Application->createApplication()
#10 {main}
  thrown at /Users/filippocalabrese/Documents/GitHub/selli-ui-library-livewire/vendor/laravel/framework/src/Illuminate/Foundation/PackageManifest.php:179)
[stacktrace]
#0 {main}
"} 
